# JRE version: OpenJDK Runtime Environment (8.0_242-b01) (build 1.8.0_242-release-1644-b01)
# Java VM: OpenJDK 64-Bit Server VM (25.242-b01 mixed mode windows-amd64 compressed oops)
Heap:
 PSYoungGen      total 302592K, used 94596K [0x00000000e0000000, 0x00000000f7980000, 0x0000000100000000)
  eden space 255488K, 18% used [0x00000000e0000000,0x00000000e2e622d0,0x00000000ef980000)
  from space 47104K, 99% used [0x00000000ef980000,0x00000000f277f060,0x00000000f2780000)
  to   space 53760K, 0% used [0x00000000f4500000,0x00000000f4500000,0x00000000f7980000)
 ParOldGen       total 245248K, used 49764K [0x00000000a0000000, 0x00000000aef80000, 0x00000000e0000000)
  object space 245248K, 20% used [0x00000000a0000000,0x00000000a3099198,0x00000000aef80000)
 Metaspace       used 90250K, capacity 94348K, committed 94552K, reserved 1132544K
  class space    used 11547K, capacity 12321K, committed 12416K, reserved 1048576K
GC Heap History (10 events):
Event: 64.282 GC heap before
{Heap before GC invocations=16 (full 3):
 PSYoungGen      total 230912K, used 230518K [0x00000000e0000000, 0x00000000f1180000, 0x0000000100000000)
  eden space 202752K, 100% used [0x00000000e0000000,0x00000000ec600000,0x00000000ec600000)
  from space 28160K, 98% used [0x00000000ee500000,0x00000000f001d8c8,0x00000000f0080000)
  to   space 31744K, 0% used [0x00000000ec600000,0x00000000ec600000,0x00000000ee500000)
 ParOldGen       total 245248K, used 49635K [0x00000000a0000000, 0x00000000aef80000, 0x00000000e0000000)
  object space 245248K, 20% used [0x00000000a0000000,0x00000000a3078da8,0x00000000aef80000)
 Metaspace       used 74446K, capacity 76892K, committed 77144K, reserved 1116160K
  class space    used 9533K, capacity 10055K, committed 10112K, reserved 1048576K
Event: 64.358 GC heap after
Heap after GC invocations=16 (full 3):
 PSYoungGen      total 234496K, used 31237K [0x00000000e0000000, 0x00000000f2700000, 0x0000000100000000)
  eden space 202752K, 0% used [0x00000000e0000000,0x00000000e0000000,0x00000000ec600000)
  from space 31744K, 98% used [0x00000000ec600000,0x00000000ee4814e8,0x00000000ee500000)
  to   space 35840K, 0% used [0x00000000f0400000,0x00000000f0400000,0x00000000f2700000)
 ParOldGen       total 245248K, used 49643K [0x00000000a0000000, 0x00000000aef80000, 0x00000000e0000000)
  object space 245248K, 20% used [0x00000000a0000000,0x00000000a307ada8,0x00000000aef80000)
 Metaspace       used 74446K, capacity 76892K, committed 77144K, reserved 1116160K
  class space    used 9533K, capacity 10055K, committed 10112K, reserved 1048576K
}
Event: 97.089 GC heap before
{Heap before GC invocations=17 (full 3):
 PSYoungGen      total 234496K, used 233989K [0x00000000e0000000, 0x00000000f2700000, 0x0000000100000000)
  eden space 202752K, 100% used [0x00000000e0000000,0x00000000ec600000,0x00000000ec600000)
  from space 31744K, 98% used [0x00000000ec600000,0x00000000ee4814e8,0x00000000ee500000)
  to   space 35840K, 0% used [0x00000000f0400000,0x00000000f0400000,0x00000000f2700000)
 ParOldGen       total 245248K, used 49643K [0x00000000a0000000, 0x00000000aef80000, 0x00000000e0000000)
  object space 245248K, 20% used [0x00000000a0000000,0x00000000a307ada8,0x00000000aef80000)
 Metaspace       used 75329K, capacity 77806K, committed 78040K, reserved 1118208K
  class space    used 9600K, capacity 10142K, committed 10240K, reserved 1048576K
Event: 97.122 GC heap after
Heap after GC invocations=17 (full 3):
 PSYoungGen      total 261120K, used 29413K [0x00000000e0000000, 0x00000000f2800000, 0x0000000100000000)
  eden space 225280K, 0% used [0x00000000e0000000,0x00000000e0000000,0x00000000edc00000)
  from space 35840K, 82% used [0x00000000f0400000,0x00000000f20b9688,0x00000000f2700000)
  to   space 38912K, 0% used [0x00000000edc00000,0x00000000edc00000,0x00000000f0200000)
 ParOldGen       total 245248K, used 49651K [0x00000000a0000000, 0x00000000aef80000, 0x00000000e0000000)
  object space 245248K, 20% used [0x00000000a0000000,0x00000000a307cda8,0x00000000aef80000)
 Metaspace       used 75329K, capacity 77806K, committed 78040K, reserved 1118208K
  class space    used 9600K, capacity 10142K, committed 10240K, reserved 1048576K
}
Event: 98.857 GC heap before
{Heap before GC invocations=18 (full 3):
 PSYoungGen      total 261120K, used 254693K [0x00000000e0000000, 0x00000000f2800000, 0x0000000100000000)
  eden space 225280K, 100% used [0x00000000e0000000,0x00000000edc00000,0x00000000edc00000)
  from space 35840K, 82% used [0x00000000f0400000,0x00000000f20b9688,0x00000000f2700000)
  to   space 38912K, 0% used [0x00000000edc00000,0x00000000edc00000,0x00000000f0200000)
 ParOldGen       total 245248K, used 49651K [0x00000000a0000000, 0x00000000aef80000, 0x00000000e0000000)
  object space 245248K, 20% used [0x00000000a0000000,0x00000000a307cda8,0x00000000aef80000)
 Metaspace       used 76196K, capacity 78708K, committed 78808K, reserved 1118208K
  class space    used 9691K, capacity 10207K, committed 10240K, reserved 1048576K
Event: 98.926 GC heap after
Heap after GC invocations=18 (full 3):
 PSYoungGen      total 264192K, used 35057K [0x00000000e0000000, 0x00000000f5480000, 0x0000000100000000)
  eden space 225280K, 0% used [0x00000000e0000000,0x00000000e0000000,0x00000000edc00000)
  from space 38912K, 90% used [0x00000000edc00000,0x00000000efe3c5a0,0x00000000f0200000)
  to   space 43008K, 0% used [0x00000000f2a80000,0x00000000f2a80000,0x00000000f5480000)
 ParOldGen       total 245248K, used 49659K [0x00000000a0000000, 0x00000000aef80000, 0x00000000e0000000)
  object space 245248K, 20% used [0x00000000a0000000,0x00000000a307eda8,0x00000000aef80000)
 Metaspace       used 76196K, capacity 78708K, committed 78808K, reserved 1118208K
  class space    used 9691K, capacity 10207K, committed 10240K, reserved 1048576K
}
Event: 324.237 GC heap before
{Heap before GC invocations=19 (full 3):
 PSYoungGen      total 264192K, used 260337K [0x00000000e0000000, 0x00000000f5480000, 0x0000000100000000)
  eden space 225280K, 100% used [0x00000000e0000000,0x00000000edc00000,0x00000000edc00000)
  from space 38912K, 90% used [0x00000000edc00000,0x00000000efe3c5a0,0x00000000f0200000)
  to   space 43008K, 0% used [0x00000000f2a80000,0x00000000f2a80000,0x00000000f5480000)
 ParOldGen       total 245248K, used 49659K [0x00000000a0000000, 0x00000000aef80000, 0x00000000e0000000)
  object space 245248K, 20% used [0x00000000a0000000,0x00000000a307eda8,0x00000000aef80000)
 Metaspace       used 81125K, capacity 83794K, committed 84056K, reserved 1122304K
  class space    used 10241K, capacity 10798K, committed 10880K, reserved 1048576K
Event: 324.298 GC heap after
Heap after GC invocations=19 (full 3):
 PSYoungGen      total 298496K, used 36888K [0x00000000e0000000, 0x00000000f5580000, 0x0000000100000000)
  eden space 255488K, 0% used [0x00000000e0000000,0x00000000e0000000,0x00000000ef980000)
  from space 43008K, 85% used [0x00000000f2a80000,0x00000000f4e861c8,0x00000000f5480000)
  to   space 47104K, 0% used [0x00000000ef980000,0x00000000ef980000,0x00000000f2780000)
 ParOldGen       total 245248K, used 49667K [0x00000000a0000000, 0x00000000aef80000, 0x00000000e0000000)
  object space 245248K, 20% used [0x00000000a0000000,0x00000000a3080da8,0x00000000aef80000)
 Metaspace       used 81125K, capacity 83794K, committed 84056K, reserved 1122304K
  class space    used 10241K, capacity 10798K, committed 10880K, reserved 1048576K
}
Event: 327.742 GC heap before
{Heap before GC invocations=20 (full 3):
 PSYoungGen      total 298496K, used 292376K [0x00000000e0000000, 0x00000000f5580000, 0x0000000100000000)
  eden space 255488K, 100% used [0x00000000e0000000,0x00000000ef980000,0x00000000ef980000)
  from space 43008K, 85% used [0x00000000f2a80000,0x00000000f4e861c8,0x00000000f5480000)
  to   space 47104K, 0% used [0x00000000ef980000,0x00000000ef980000,0x00000000f2780000)
 ParOldGen       total 245248K, used 49667K [0x00000000a0000000, 0x00000000aef80000, 0x00000000e0000000)
  object space 245248K, 20% used [0x00000000a0000000,0x00000000a3080da8,0x00000000aef80000)
 Metaspace       used 88738K, capacity 92312K, committed 92504K, reserved 1130496K
  class space    used 11346K, capacity 12033K, committed 12160K, reserved 1048576K
Event: 327.791 GC heap after
Heap after GC invocations=20 (full 3):
 PSYoungGen      total 302592K, used 47100K [0x00000000e0000000, 0x00000000f7980000, 0x0000000100000000)
  eden space 255488K, 0% used [0x00000000e0000000,0x00000000e0000000,0x00000000ef980000)
  from space 47104K, 99% used [0x00000000ef980000,0x00000000f277f060,0x00000000f2780000)
  to   space 53760K, 0% used [0x00000000f4500000,0x00000000f4500000,0x00000000f7980000)
 ParOldGen       total 245248K, used 49764K [0x00000000a0000000, 0x00000000aef80000, 0x00000000e0000000)
  object space 245248K, 20% used [0x00000000a0000000,0x00000000a3099198,0x00000000aef80000)
 Metaspace       used 88738K, capacity 92312K, committed 92504K, reserved 1130496K
  class space    used 11346K, capacity 12033K, committed 12160K, reserved 1048576K
}

